-------------------------------------------------------------------------------
Test set: runners.CucumberRunner
-------------------------------------------------------------------------------
Tests run: 1, Failures: 1, Errors: 0, Skipped: 0, Time elapsed: 8.312 s <<< FAILURE! - in runners.CucumberRunner
Test 2.EMPTY_NAME  Time elapsed: 7.623 s  <<< FAILURE!
java.lang.AssertionError

